生成启动时间为 2016/9/1 20:53:47。
     1>项目“D:\SPH_sampling_surface_v1\fluids_v3.vcxproj”在节点 2 上(build 个目标)。
     1>C:\Program Files\MSBuild\Microsoft.Cpp\v4.0\Microsoft.CppBuild.targets(298,5): warning MSB8004: Intermediate 目录未以斜杠结尾。此生成实例将添加斜杠，因为必须有这个斜杠才能正确计算 Intermediate 目录。
     1>InitializeBuildStatus:
         正在创建“D:\SPH_sampling_surface_v1\\output\Release\SPH_sampling.unsuccessfulbuild”，因为已指定“AlwaysCreate”。
       CustomBuild:
         Performing Custom Build Tools
     1>d:\program files\nvidia gpu computing toolkit\cuda\v5.5\include\math_functions.h : warning C4819: 该文件包含不能在当前代码页(936)中表示的字符。请将该文件保存为 Unicode 格式以防止数据丢失
     1>d:\program files\nvidia gpu computing toolkit\cuda\v5.5\include\math_functions.h(870): warning C4819: 该文件包含不能在当前代码页(936)中表示的字符。请将该文件保存为 Unicode 格式以防止数据丢失
     1>d:\program files\nvidia gpu computing toolkit\cuda\v5.5\include\math_functions.h(1846): warning C4819: 该文件包含不能在当前代码页(936)中表示的字符。请将该文件保存为 Unicode 格式以防止数据丢失
     1>d:\program files\nvidia gpu computing toolkit\cuda\v5.5\include\math_functions.h(2747): warning C4819: 该文件包含不能在当前代码页(936)中表示的字符。请将该文件保存为 Unicode 格式以防止数据丢失
     1>d:\program files\nvidia gpu computing toolkit\cuda\v5.5\include\math_functions.h(3698): warning C4819: 该文件包含不能在当前代码页(936)中表示的字符。请将该文件保存为 Unicode 格式以防止数据丢失
     1>d:\program files\nvidia gpu computing toolkit\cuda\v5.5\include\math_functions.h(4610): warning C4819: 该文件包含不能在当前代码页(936)中表示的字符。请将该文件保存为 Unicode 格式以防止数据丢失
     1>d:\program files\nvidia gpu computing toolkit\cuda\v5.5\include\math_functions.h(5501): warning C4819: 该文件包含不能在当前代码页(936)中表示的字符。请将该文件保存为 Unicode 格式以防止数据丢失
     1>d:\program files\nvidia gpu computing toolkit\cuda\v5.5\include\math_functions.h(6407): warning C4819: 该文件包含不能在当前代码页(936)中表示的字符。请将该文件保存为 Unicode 格式以防止数据丢失
     1>d:\program files\nvidia gpu computing toolkit\cuda\v5.5\include\math_functions.h(7316): warning C4819: 该文件包含不能在当前代码页(936)中表示的字符。请将该文件保存为 Unicode 格式以防止数据丢失
     1>d:\program files\nvidia gpu computing toolkit\cuda\v5.5\include\device_functions.h : warning C4819: 该文件包含不能在当前代码页(936)中表示的字符。请将该文件保存为 Unicode 格式以防止数据丢失
     1>d:\program files\nvidia gpu computing toolkit\cuda\v5.5\include\device_functions.h(783): warning C4819: 该文件包含不能在当前代码页(936)中表示的字符。请将该文件保存为 Unicode 格式以防止数据丢失
     1>d:\program files\nvidia gpu computing toolkit\cuda\v5.5\include\device_functions.h(1659): warning C4819: 该文件包含不能在当前代码页(936)中表示的字符。请将该文件保存为 Unicode 格式以防止数据丢失
     1>d:\program files\nvidia gpu computing toolkit\cuda\v5.5\include\sm_13_double_functions.h : warning C4819: 该文件包含不能在当前代码页(936)中表示的字符。请将该文件保存为 Unicode 格式以防止数据丢失
     1>d:\program files\nvidia gpu computing toolkit\cuda\v5.5\include\math_functions.h : warning C4819: 该文件包含不能在当前代码页(936)中表示的字符。请将该文件保存为 Unicode 格式以防止数据丢失
     1>d:\program files\nvidia gpu computing toolkit\cuda\v5.5\include\math_functions.h(870): warning C4819: 该文件包含不能在当前代码页(936)中表示的字符。请将该文件保存为 Unicode 格式以防止数据丢失
     1>d:\program files\nvidia gpu computing toolkit\cuda\v5.5\include\math_functions.h(1846): warning C4819: 该文件包含不能在当前代码页(936)中表示的字符。请将该文件保存为 Unicode 格式以防止数据丢失
     1>d:\program files\nvidia gpu computing toolkit\cuda\v5.5\include\math_functions.h(2747): warning C4819: 该文件包含不能在当前代码页(936)中表示的字符。请将该文件保存为 Unicode 格式以防止数据丢失
     1>d:\program files\nvidia gpu computing toolkit\cuda\v5.5\include\math_functions.h(3698): warning C4819: 该文件包含不能在当前代码页(936)中表示的字符。请将该文件保存为 Unicode 格式以防止数据丢失
     1>d:\program files\nvidia gpu computing toolkit\cuda\v5.5\include\math_functions.h(4610): warning C4819: 该文件包含不能在当前代码页(936)中表示的字符。请将该文件保存为 Unicode 格式以防止数据丢失
     1>d:\program files\nvidia gpu computing toolkit\cuda\v5.5\include\math_functions.h(5501): warning C4819: 该文件包含不能在当前代码页(936)中表示的字符。请将该文件保存为 Unicode 格式以防止数据丢失
     1>d:\program files\nvidia gpu computing toolkit\cuda\v5.5\include\math_functions.h(6407): warning C4819: 该文件包含不能在当前代码页(936)中表示的字符。请将该文件保存为 Unicode 格式以防止数据丢失
     1>d:\program files\nvidia gpu computing toolkit\cuda\v5.5\include\math_functions.h(7316): warning C4819: 该文件包含不能在当前代码页(936)中表示的字符。请将该文件保存为 Unicode 格式以防止数据丢失
     1>d:\program files\nvidia gpu computing toolkit\cuda\v5.5\include\math_functions.h : warning C4819: 该文件包含不能在当前代码页(936)中表示的字符。请将该文件保存为 Unicode 格式以防止数据丢失
     1>d:\program files\nvidia gpu computing toolkit\cuda\v5.5\include\math_functions.h(870): warning C4819: 该文件包含不能在当前代码页(936)中表示的字符。请将该文件保存为 Unicode 格式以防止数据丢失
     1>d:\program files\nvidia gpu computing toolkit\cuda\v5.5\include\math_functions.h(1846): warning C4819: 该文件包含不能在当前代码页(936)中表示的字符。请将该文件保存为 Unicode 格式以防止数据丢失
     1>d:\program files\nvidia gpu computing toolkit\cuda\v5.5\include\math_functions.h(2747): warning C4819: 该文件包含不能在当前代码页(936)中表示的字符。请将该文件保存为 Unicode 格式以防止数据丢失
     1>d:\program files\nvidia gpu computing toolkit\cuda\v5.5\include\math_functions.h(3698): warning C4819: 该文件包含不能在当前代码页(936)中表示的字符。请将该文件保存为 Unicode 格式以防止数据丢失
     1>d:\program files\nvidia gpu computing toolkit\cuda\v5.5\include\math_functions.h(4610): warning C4819: 该文件包含不能在当前代码页(936)中表示的字符。请将该文件保存为 Unicode 格式以防止数据丢失
     1>d:\program files\nvidia gpu computing toolkit\cuda\v5.5\include\math_functions.h(5501): warning C4819: 该文件包含不能在当前代码页(936)中表示的字符。请将该文件保存为 Unicode 格式以防止数据丢失
     1>d:\program files\nvidia gpu computing toolkit\cuda\v5.5\include\math_functions.h(6407): warning C4819: 该文件包含不能在当前代码页(936)中表示的字符。请将该文件保存为 Unicode 格式以防止数据丢失
     1>d:\program files\nvidia gpu computing toolkit\cuda\v5.5\include\math_functions.h(7316): warning C4819: 该文件包含不能在当前代码页(936)中表示的字符。请将该文件保存为 Unicode 格式以防止数据丢失
     1>d:\program files\nvidia gpu computing toolkit\cuda\v5.5\include\device_functions_decls.h : warning C4819: 该文件包含不能在当前代码页(936)中表示的字符。请将该文件保存为 Unicode 格式以防止数据丢失
     1>d:\program files\nvidia gpu computing toolkit\cuda\v5.5\include\device_functions_decls.h(948): warning C4819: 该文件包含不能在当前代码页(936)中表示的字符。请将该文件保存为 Unicode 格式以防止数据丢失
     1>d:\program files\nvidia gpu computing toolkit\cuda\v5.5\include\device_functions_decls.h(1984): warning C4819: 该文件包含不能在当前代码页(936)中表示的字符。请将该文件保存为 Unicode 格式以防止数据丢失
     1>d:\program files\nvidia gpu computing toolkit\cuda\v5.5\include\device_functions_decls.h(2924): warning C4819: 该文件包含不能在当前代码页(936)中表示的字符。请将该文件保存为 Unicode 格式以防止数据丢失
     1>d:\program files\nvidia gpu computing toolkit\cuda\v5.5\include\device_functions_decls.h(3876): warning C4819: 该文件包含不能在当前代码页(936)中表示的字符。请将该文件保存为 Unicode 格式以防止数据丢失
     1>d:\program files\nvidia gpu computing toolkit\cuda\v5.5\include\device_functions_decls.h(4865): warning C4819: 该文件包含不能在当前代码页(936)中表示的字符。请将该文件保存为 Unicode 格式以防止数据丢失
     1>d:\program files\nvidia gpu computing toolkit\cuda\v5.5\include\device_functions_decls.h(5898): warning C4819: 该文件包含不能在当前代码页(936)中表示的字符。请将该文件保存为 Unicode 格式以防止数据丢失
     1>d:\program files\nvidia gpu computing toolkit\cuda\v5.5\include\device_functions_decls.h(6841): warning C4819: 该文件包含不能在当前代码页(936)中表示的字符。请将该文件保存为 Unicode 格式以防止数据丢失
     1>d:\program files\nvidia gpu computing toolkit\cuda\v5.5\include\device_functions_decls.h(7793): warning C4819: 该文件包含不能在当前代码页(936)中表示的字符。请将该文件保存为 Unicode 格式以防止数据丢失
     1>d:\program files\nvidia gpu computing toolkit\cuda\v5.5\include\device_functions_decls.h(8730): warning C4819: 该文件包含不能在当前代码页(936)中表示的字符。请将该文件保存为 Unicode 格式以防止数据丢失
     1>d:\program files\nvidia gpu computing toolkit\cuda\v5.5\include\device_functions_decls.h(9719): warning C4819: 该文件包含不能在当前代码页(936)中表示的字符。请将该文件保存为 Unicode 格式以防止数据丢失
     1>d:\program files\nvidia gpu computing toolkit\cuda\v5.5\include\device_functions_decls.h(10806): warning C4819: 该文件包含不能在当前代码页(936)中表示的字符。请将该文件保存为 Unicode 格式以防止数据丢失
     1>d:\program files\nvidia gpu computing toolkit\cuda\v5.5\include\device_functions.h : warning C4819: 该文件包含不能在当前代码页(936)中表示的字符。请将该文件保存为 Unicode 格式以防止数据丢失
     1>d:\program files\nvidia gpu computing toolkit\cuda\v5.5\include\device_functions.h(783): warning C4819: 该文件包含不能在当前代码页(936)中表示的字符。请将该文件保存为 Unicode 格式以防止数据丢失
     1>d:\program files\nvidia gpu computing toolkit\cuda\v5.5\include\device_functions.h(1659): warning C4819: 该文件包含不能在当前代码页(936)中表示的字符。请将该文件保存为 Unicode 格式以防止数据丢失
     1>d:\program files\nvidia gpu computing toolkit\cuda\v5.5\include\sm_13_double_functions.h : warning C4819: 该文件包含不能在当前代码页(936)中表示的字符。请将该文件保存为 Unicode 格式以防止数据丢失
     1>d:\program files\nvidia gpu computing toolkit\cuda\v5.5\include\math_functions.h : warning C4819: 该文件包含不能在当前代码页(936)中表示的字符。请将该文件保存为 Unicode 格式以防止数据丢失
     1>d:\program files\nvidia gpu computing toolkit\cuda\v5.5\include\math_functions.h(870): warning C4819: 该文件包含不能在当前代码页(936)中表示的字符。请将该文件保存为 Unicode 格式以防止数据丢失
     1>d:\program files\nvidia gpu computing toolkit\cuda\v5.5\include\math_functions.h(1846): warning C4819: 该文件包含不能在当前代码页(936)中表示的字符。请将该文件保存为 Unicode 格式以防止数据丢失
     1>d:\program files\nvidia gpu computing toolkit\cuda\v5.5\include\math_functions.h(2747): warning C4819: 该文件包含不能在当前代码页(936)中表示的字符。请将该文件保存为 Unicode 格式以防止数据丢失
     1>d:\program files\nvidia gpu computing toolkit\cuda\v5.5\include\math_functions.h(3698): warning C4819: 该文件包含不能在当前代码页(936)中表示的字符。请将该文件保存为 Unicode 格式以防止数据丢失
     1>d:\program files\nvidia gpu computing toolkit\cuda\v5.5\include\math_functions.h(4610): warning C4819: 该文件包含不能在当前代码页(936)中表示的字符。请将该文件保存为 Unicode 格式以防止数据丢失
     1>d:\program files\nvidia gpu computing toolkit\cuda\v5.5\include\math_functions.h(5501): warning C4819: 该文件包含不能在当前代码页(936)中表示的字符。请将该文件保存为 Unicode 格式以防止数据丢失
     1>d:\program files\nvidia gpu computing toolkit\cuda\v5.5\include\math_functions.h(6407): warning C4819: 该文件包含不能在当前代码页(936)中表示的字符。请将该文件保存为 Unicode 格式以防止数据丢失
     1>d:\program files\nvidia gpu computing toolkit\cuda\v5.5\include\math_functions.h(7316): warning C4819: 该文件包含不能在当前代码页(936)中表示的字符。请将该文件保存为 Unicode 格式以防止数据丢失
     1>d:\program files\nvidia gpu computing toolkit\cuda\v5.5\include\device_functions.h : warning C4819: 该文件包含不能在当前代码页(936)中表示的字符。请将该文件保存为 Unicode 格式以防止数据丢失
     1>d:\program files\nvidia gpu computing toolkit\cuda\v5.5\include\device_functions.h(783): warning C4819: 该文件包含不能在当前代码页(936)中表示的字符。请将该文件保存为 Unicode 格式以防止数据丢失
     1>d:\program files\nvidia gpu computing toolkit\cuda\v5.5\include\device_functions.h(1659): warning C4819: 该文件包含不能在当前代码页(936)中表示的字符。请将该文件保存为 Unicode 格式以防止数据丢失
     1>d:\program files\nvidia gpu computing toolkit\cuda\v5.5\include\sm_13_double_functions.h : warning C4819: 该文件包含不能在当前代码页(936)中表示的字符。请将该文件保存为 Unicode 格式以防止数据丢失
     1>d:\program files\nvidia gpu computing toolkit\cuda\v5.5\include\math_functions.h : warning C4819: 该文件包含不能在当前代码页(936)中表示的字符。请将该文件保存为 Unicode 格式以防止数据丢失
     1>d:\program files\nvidia gpu computing toolkit\cuda\v5.5\include\math_functions.h(870): warning C4819: 该文件包含不能在当前代码页(936)中表示的字符。请将该文件保存为 Unicode 格式以防止数据丢失
     1>d:\program files\nvidia gpu computing toolkit\cuda\v5.5\include\math_functions.h(1846): warning C4819: 该文件包含不能在当前代码页(936)中表示的字符。请将该文件保存为 Unicode 格式以防止数据丢失
     1>d:\program files\nvidia gpu computing toolkit\cuda\v5.5\include\math_functions.h(2747): warning C4819: 该文件包含不能在当前代码页(936)中表示的字符。请将该文件保存为 Unicode 格式以防止数据丢失
     1>d:\program files\nvidia gpu computing toolkit\cuda\v5.5\include\math_functions.h(3698): warning C4819: 该文件包含不能在当前代码页(936)中表示的字符。请将该文件保存为 Unicode 格式以防止数据丢失
     1>d:\program files\nvidia gpu computing toolkit\cuda\v5.5\include\math_functions.h(4610): warning C4819: 该文件包含不能在当前代码页(936)中表示的字符。请将该文件保存为 Unicode 格式以防止数据丢失
     1>d:\program files\nvidia gpu computing toolkit\cuda\v5.5\include\math_functions.h(5501): warning C4819: 该文件包含不能在当前代码页(936)中表示的字符。请将该文件保存为 Unicode 格式以防止数据丢失
     1>d:\program files\nvidia gpu computing toolkit\cuda\v5.5\include\math_functions.h(6407): warning C4819: 该文件包含不能在当前代码页(936)中表示的字符。请将该文件保存为 Unicode 格式以防止数据丢失
     1>d:\program files\nvidia gpu computing toolkit\cuda\v5.5\include\math_functions.h(7316): warning C4819: 该文件包含不能在当前代码页(936)中表示的字符。请将该文件保存为 Unicode 格式以防止数据丢失
         Performing Custom Build Tools
     1>d:\program files\nvidia gpu computing toolkit\cuda\v5.5\include\math_functions.h : warning C4819: 该文件包含不能在当前代码页(936)中表示的字符。请将该文件保存为 Unicode 格式以防止数据丢失
     1>d:\program files\nvidia gpu computing toolkit\cuda\v5.5\include\math_functions.h(870): warning C4819: 该文件包含不能在当前代码页(936)中表示的字符。请将该文件保存为 Unicode 格式以防止数据丢失
     1>d:\program files\nvidia gpu computing toolkit\cuda\v5.5\include\math_functions.h(1846): warning C4819: 该文件包含不能在当前代码页(936)中表示的字符。请将该文件保存为 Unicode 格式以防止数据丢失
     1>d:\program files\nvidia gpu computing toolkit\cuda\v5.5\include\math_functions.h(2747): warning C4819: 该文件包含不能在当前代码页(936)中表示的字符。请将该文件保存为 Unicode 格式以防止数据丢失
     1>d:\program files\nvidia gpu computing toolkit\cuda\v5.5\include\math_functions.h(3698): warning C4819: 该文件包含不能在当前代码页(936)中表示的字符。请将该文件保存为 Unicode 格式以防止数据丢失
     1>d:\program files\nvidia gpu computing toolkit\cuda\v5.5\include\math_functions.h(4610): warning C4819: 该文件包含不能在当前代码页(936)中表示的字符。请将该文件保存为 Unicode 格式以防止数据丢失
     1>d:\program files\nvidia gpu computing toolkit\cuda\v5.5\include\math_functions.h(5501): warning C4819: 该文件包含不能在当前代码页(936)中表示的字符。请将该文件保存为 Unicode 格式以防止数据丢失
     1>d:\program files\nvidia gpu computing toolkit\cuda\v5.5\include\math_functions.h(6407): warning C4819: 该文件包含不能在当前代码页(936)中表示的字符。请将该文件保存为 Unicode 格式以防止数据丢失
     1>d:\program files\nvidia gpu computing toolkit\cuda\v5.5\include\math_functions.h(7316): warning C4819: 该文件包含不能在当前代码页(936)中表示的字符。请将该文件保存为 Unicode 格式以防止数据丢失
     1>d:\program files\nvidia gpu computing toolkit\cuda\v5.5\include\device_functions.h : warning C4819: 该文件包含不能在当前代码页(936)中表示的字符。请将该文件保存为 Unicode 格式以防止数据丢失
     1>d:\program files\nvidia gpu computing toolkit\cuda\v5.5\include\device_functions.h(783): warning C4819: 该文件包含不能在当前代码页(936)中表示的字符。请将该文件保存为 Unicode 格式以防止数据丢失
     1>d:\program files\nvidia gpu computing toolkit\cuda\v5.5\include\device_functions.h(1659): warning C4819: 该文件包含不能在当前代码页(936)中表示的字符。请将该文件保存为 Unicode 格式以防止数据丢失
     1>d:\program files\nvidia gpu computing toolkit\cuda\v5.5\include\sm_13_double_functions.h : warning C4819: 该文件包含不能在当前代码页(936)中表示的字符。请将该文件保存为 Unicode 格式以防止数据丢失
     1>d:\program files\nvidia gpu computing toolkit\cuda\v5.5\include\math_functions.h : warning C4819: 该文件包含不能在当前代码页(936)中表示的字符。请将该文件保存为 Unicode 格式以防止数据丢失
     1>d:\program files\nvidia gpu computing toolkit\cuda\v5.5\include\math_functions.h(870): warning C4819: 该文件包含不能在当前代码页(936)中表示的字符。请将该文件保存为 Unicode 格式以防止数据丢失
     1>d:\program files\nvidia gpu computing toolkit\cuda\v5.5\include\math_functions.h(1846): warning C4819: 该文件包含不能在当前代码页(936)中表示的字符。请将该文件保存为 Unicode 格式以防止数据丢失
     1>d:\program files\nvidia gpu computing toolkit\cuda\v5.5\include\math_functions.h(2747): warning C4819: 该文件包含不能在当前代码页(936)中表示的字符。请将该文件保存为 Unicode 格式以防止数据丢失
     1>d:\program files\nvidia gpu computing toolkit\cuda\v5.5\include\math_functions.h(3698): warning C4819: 该文件包含不能在当前代码页(936)中表示的字符。请将该文件保存为 Unicode 格式以防止数据丢失
     1>d:\program files\nvidia gpu computing toolkit\cuda\v5.5\include\math_functions.h(4610): warning C4819: 该文件包含不能在当前代码页(936)中表示的字符。请将该文件保存为 Unicode 格式以防止数据丢失
     1>d:\program files\nvidia gpu computing toolkit\cuda\v5.5\include\math_functions.h(5501): warning C4819: 该文件包含不能在当前代码页(936)中表示的字符。请将该文件保存为 Unicode 格式以防止数据丢失
     1>d:\program files\nvidia gpu computing toolkit\cuda\v5.5\include\math_functions.h(6407): warning C4819: 该文件包含不能在当前代码页(936)中表示的字符。请将该文件保存为 Unicode 格式以防止数据丢失
     1>d:\program files\nvidia gpu computing toolkit\cuda\v5.5\include\math_functions.h(7316): warning C4819: 该文件包含不能在当前代码页(936)中表示的字符。请将该文件保存为 Unicode 格式以防止数据丢失
     1>d:\program files\nvidia gpu computing toolkit\cuda\v5.5\include\math_functions.h : warning C4819: 该文件包含不能在当前代码页(936)中表示的字符。请将该文件保存为 Unicode 格式以防止数据丢失
     1>d:\program files\nvidia gpu computing toolkit\cuda\v5.5\include\math_functions.h(870): warning C4819: 该文件包含不能在当前代码页(936)中表示的字符。请将该文件保存为 Unicode 格式以防止数据丢失
     1>d:\program files\nvidia gpu computing toolkit\cuda\v5.5\include\math_functions.h(1846): warning C4819: 该文件包含不能在当前代码页(936)中表示的字符。请将该文件保存为 Unicode 格式以防止数据丢失
     1>d:\program files\nvidia gpu computing toolkit\cuda\v5.5\include\math_functions.h(2747): warning C4819: 该文件包含不能在当前代码页(936)中表示的字符。请将该文件保存为 Unicode 格式以防止数据丢失
     1>d:\program files\nvidia gpu computing toolkit\cuda\v5.5\include\math_functions.h(3698): warning C4819: 该文件包含不能在当前代码页(936)中表示的字符。请将该文件保存为 Unicode 格式以防止数据丢失
     1>d:\program files\nvidia gpu computing toolkit\cuda\v5.5\include\math_functions.h(4610): warning C4819: 该文件包含不能在当前代码页(936)中表示的字符。请将该文件保存为 Unicode 格式以防止数据丢失
     1>d:\program files\nvidia gpu computing toolkit\cuda\v5.5\include\math_functions.h(5501): warning C4819: 该文件包含不能在当前代码页(936)中表示的字符。请将该文件保存为 Unicode 格式以防止数据丢失
     1>d:\program files\nvidia gpu computing toolkit\cuda\v5.5\include\math_functions.h(6407): warning C4819: 该文件包含不能在当前代码页(936)中表示的字符。请将该文件保存为 Unicode 格式以防止数据丢失
     1>d:\program files\nvidia gpu computing toolkit\cuda\v5.5\include\math_functions.h(7316): warning C4819: 该文件包含不能在当前代码页(936)中表示的字符。请将该文件保存为 Unicode 格式以防止数据丢失
     1>d:\program files\nvidia gpu computing toolkit\cuda\v5.5\include\device_functions_decls.h : warning C4819: 该文件包含不能在当前代码页(936)中表示的字符。请将该文件保存为 Unicode 格式以防止数据丢失
     1>d:\program files\nvidia gpu computing toolkit\cuda\v5.5\include\device_functions_decls.h(948): warning C4819: 该文件包含不能在当前代码页(936)中表示的字符。请将该文件保存为 Unicode 格式以防止数据丢失
     1>d:\program files\nvidia gpu computing toolkit\cuda\v5.5\include\device_functions_decls.h(1984): warning C4819: 该文件包含不能在当前代码页(936)中表示的字符。请将该文件保存为 Unicode 格式以防止数据丢失
     1>d:\program files\nvidia gpu computing toolkit\cuda\v5.5\include\device_functions_decls.h(2924): warning C4819: 该文件包含不能在当前代码页(936)中表示的字符。请将该文件保存为 Unicode 格式以防止数据丢失
     1>d:\program files\nvidia gpu computing toolkit\cuda\v5.5\include\device_functions_decls.h(3876): warning C4819: 该文件包含不能在当前代码页(936)中表示的字符。请将该文件保存为 Unicode 格式以防止数据丢失
     1>d:\program files\nvidia gpu computing toolkit\cuda\v5.5\include\device_functions_decls.h(4865): warning C4819: 该文件包含不能在当前代码页(936)中表示的字符。请将该文件保存为 Unicode 格式以防止数据丢失
     1>d:\program files\nvidia gpu computing toolkit\cuda\v5.5\include\device_functions_decls.h(5898): warning C4819: 该文件包含不能在当前代码页(936)中表示的字符。请将该文件保存为 Unicode 格式以防止数据丢失
     1>d:\program files\nvidia gpu computing toolkit\cuda\v5.5\include\device_functions_decls.h(6841): warning C4819: 该文件包含不能在当前代码页(936)中表示的字符。请将该文件保存为 Unicode 格式以防止数据丢失
     1>d:\program files\nvidia gpu computing toolkit\cuda\v5.5\include\device_functions_decls.h(7793): warning C4819: 该文件包含不能在当前代码页(936)中表示的字符。请将该文件保存为 Unicode 格式以防止数据丢失
     1>d:\program files\nvidia gpu computing toolkit\cuda\v5.5\include\device_functions_decls.h(8730): warning C4819: 该文件包含不能在当前代码页(936)中表示的字符。请将该文件保存为 Unicode 格式以防止数据丢失
     1>d:\program files\nvidia gpu computing toolkit\cuda\v5.5\include\device_functions_decls.h(9719): warning C4819: 该文件包含不能在当前代码页(936)中表示的字符。请将该文件保存为 Unicode 格式以防止数据丢失
     1>d:\program files\nvidia gpu computing toolkit\cuda\v5.5\include\device_functions_decls.h(10806): warning C4819: 该文件包含不能在当前代码页(936)中表示的字符。请将该文件保存为 Unicode 格式以防止数据丢失
     1>d:\program files\nvidia gpu computing toolkit\cuda\v5.5\include\device_functions.h : warning C4819: 该文件包含不能在当前代码页(936)中表示的字符。请将该文件保存为 Unicode 格式以防止数据丢失
     1>d:\program files\nvidia gpu computing toolkit\cuda\v5.5\include\device_functions.h(783): warning C4819: 该文件包含不能在当前代码页(936)中表示的字符。请将该文件保存为 Unicode 格式以防止数据丢失
     1>d:\program files\nvidia gpu computing toolkit\cuda\v5.5\include\device_functions.h(1659): warning C4819: 该文件包含不能在当前代码页(936)中表示的字符。请将该文件保存为 Unicode 格式以防止数据丢失
     1>d:\program files\nvidia gpu computing toolkit\cuda\v5.5\include\sm_13_double_functions.h : warning C4819: 该文件包含不能在当前代码页(936)中表示的字符。请将该文件保存为 Unicode 格式以防止数据丢失
     1>d:\program files\nvidia gpu computing toolkit\cuda\v5.5\include\math_functions.h : warning C4819: 该文件包含不能在当前代码页(936)中表示的字符。请将该文件保存为 Unicode 格式以防止数据丢失
     1>d:\program files\nvidia gpu computing toolkit\cuda\v5.5\include\math_functions.h(870): warning C4819: 该文件包含不能在当前代码页(936)中表示的字符。请将该文件保存为 Unicode 格式以防止数据丢失
     1>d:\program files\nvidia gpu computing toolkit\cuda\v5.5\include\math_functions.h(1846): warning C4819: 该文件包含不能在当前代码页(936)中表示的字符。请将该文件保存为 Unicode 格式以防止数据丢失
     1>d:\program files\nvidia gpu computing toolkit\cuda\v5.5\include\math_functions.h(2747): warning C4819: 该文件包含不能在当前代码页(936)中表示的字符。请将该文件保存为 Unicode 格式以防止数据丢失
     1>d:\program files\nvidia gpu computing toolkit\cuda\v5.5\include\math_functions.h(3698): warning C4819: 该文件包含不能在当前代码页(936)中表示的字符。请将该文件保存为 Unicode 格式以防止数据丢失
     1>d:\program files\nvidia gpu computing toolkit\cuda\v5.5\include\math_functions.h(4610): warning C4819: 该文件包含不能在当前代码页(936)中表示的字符。请将该文件保存为 Unicode 格式以防止数据丢失
     1>d:\program files\nvidia gpu computing toolkit\cuda\v5.5\include\math_functions.h(5501): warning C4819: 该文件包含不能在当前代码页(936)中表示的字符。请将该文件保存为 Unicode 格式以防止数据丢失
     1>d:\program files\nvidia gpu computing toolkit\cuda\v5.5\include\math_functions.h(6407): warning C4819: 该文件包含不能在当前代码页(936)中表示的字符。请将该文件保存为 Unicode 格式以防止数据丢失
     1>d:\program files\nvidia gpu computing toolkit\cuda\v5.5\include\math_functions.h(7316): warning C4819: 该文件包含不能在当前代码页(936)中表示的字符。请将该文件保存为 Unicode 格式以防止数据丢失
     1>d:\program files\nvidia gpu computing toolkit\cuda\v5.5\include\device_functions.h : warning C4819: 该文件包含不能在当前代码页(936)中表示的字符。请将该文件保存为 Unicode 格式以防止数据丢失
     1>d:\program files\nvidia gpu computing toolkit\cuda\v5.5\include\device_functions.h(783): warning C4819: 该文件包含不能在当前代码页(936)中表示的字符。请将该文件保存为 Unicode 格式以防止数据丢失
     1>d:\program files\nvidia gpu computing toolkit\cuda\v5.5\include\device_functions.h(1659): warning C4819: 该文件包含不能在当前代码页(936)中表示的字符。请将该文件保存为 Unicode 格式以防止数据丢失
     1>d:\program files\nvidia gpu computing toolkit\cuda\v5.5\include\sm_13_double_functions.h : warning C4819: 该文件包含不能在当前代码页(936)中表示的字符。请将该文件保存为 Unicode 格式以防止数据丢失
     1>d:\program files\nvidia gpu computing toolkit\cuda\v5.5\include\math_functions.h : warning C4819: 该文件包含不能在当前代码页(936)中表示的字符。请将该文件保存为 Unicode 格式以防止数据丢失
     1>d:\program files\nvidia gpu computing toolkit\cuda\v5.5\include\math_functions.h(870): warning C4819: 该文件包含不能在当前代码页(936)中表示的字符。请将该文件保存为 Unicode 格式以防止数据丢失
     1>d:\program files\nvidia gpu computing toolkit\cuda\v5.5\include\math_functions.h(1846): warning C4819: 该文件包含不能在当前代码页(936)中表示的字符。请将该文件保存为 Unicode 格式以防止数据丢失
     1>d:\program files\nvidia gpu computing toolkit\cuda\v5.5\include\math_functions.h(2747): warning C4819: 该文件包含不能在当前代码页(936)中表示的字符。请将该文件保存为 Unicode 格式以防止数据丢失
     1>d:\program files\nvidia gpu computing toolkit\cuda\v5.5\include\math_functions.h(3698): warning C4819: 该文件包含不能在当前代码页(936)中表示的字符。请将该文件保存为 Unicode 格式以防止数据丢失
     1>d:\program files\nvidia gpu computing toolkit\cuda\v5.5\include\math_functions.h(4610): warning C4819: 该文件包含不能在当前代码页(936)中表示的字符。请将该文件保存为 Unicode 格式以防止数据丢失
     1>d:\program files\nvidia gpu computing toolkit\cuda\v5.5\include\math_functions.h(5501): warning C4819: 该文件包含不能在当前代码页(936)中表示的字符。请将该文件保存为 Unicode 格式以防止数据丢失
     1>d:\program files\nvidia gpu computing toolkit\cuda\v5.5\include\math_functions.h(6407): warning C4819: 该文件包含不能在当前代码页(936)中表示的字符。请将该文件保存为 Unicode 格式以防止数据丢失
     1>d:\program files\nvidia gpu computing toolkit\cuda\v5.5\include\math_functions.h(7316): warning C4819: 该文件包含不能在当前代码页(936)中表示的字符。请将该文件保存为 Unicode 格式以防止数据丢失
       ClCompile:
         d:\Program Files\Microsoft Visual Studio 10.0\VC\bin\CL.exe /c /ID:\local\boost_1_61_0 /Ifluids /Icommon /I"D:\Program Files\NVIDIA GPU Computing Toolkit\CUDA\v5.5\include" /Zi /nologo /W1 /WX- /Od /Ob2 /Oi /Ot /Oy- /GL /D WIN32 /D NDEBUG /D _WINDOWS /D BUILD_CUDA /D _UNICODE /D UNICODE /Gm- /EHsc /MD /GS /Gy /fp:precise /Zc:wchar_t /Zc:forScope /openmp- /Fo"D:\SPH_sampling_surface_v1\\output\Release\\" /Fd"D:\SPH_sampling_surface_v1\\output\Release\vc100.pdb" /Gd /TP /analyze- /errorReport:prompt main.cpp /D_ITERATOR_DEBUG_LEVEL=0 
         main.cpp
         所有输出均为最新。
       Link:
         d:\Program Files\Microsoft Visual Studio 10.0\VC\bin\link.exe /ERRORREPORT:PROMPT /OUT:"D:\SPH_sampling_surface_v1\SPH_sampling.exe" /INCREMENTAL:NO /NOLOGO /LIBPATH:"D:\local\boost_1_61_0\lib32-msvc-10.0" /LIBPATH:"D:\Program Files\NVIDIA GPU Computing Toolkit\CUDA\v5.5\lib\Win32" tinyXML_2010.lib opengl32.lib cudart.lib cutil32.lib "boost_random-vc100-mt-1_61.lib" kernel32.lib user32.lib gdi32.lib winspool.lib comdlg32.lib advapi32.lib shell32.lib ole32.lib oleaut32.lib uuid.lib odbc32.lib odbccp32.lib /NODEFAULTLIB:libcpmt.lib /NODEFAULTLIB:libcmtd.lib /NODEFAULTLIB:libcmt.lib /MANIFEST /ManifestFile:"D:\SPH_sampling_surface_v1\\output\Release\SPH_sampling.exe.intermediate.manifest" /MANIFESTUAC:"level='asInvoker' uiAccess='false'" /DEBUG /PDB:"D:\SPH_sampling_surface_v1\SPH_sampling.pdb" /SUBSYSTEM:WINDOWS /OPT:REF /OPT:ICF /LTCG /TLBID:1 /DYNAMICBASE /NXCOMPAT /IMPLIB:"D:\SPH_sampling_surface_v1\SPH_sampling.lib" /MACHINE:X86 Release\fluid_system_host.obj
         Release\fluid_system_kern.obj
         D:\SPH_sampling_surface_v1\\output\Release\app_perf.obj
         D:\SPH_sampling_surface_v1\\output\Release\app_util.obj
         D:\SPH_sampling_surface_v1\\output\Release\glew.obj
         D:\SPH_sampling_surface_v1\\output\Release\xml_settings.obj
         D:\SPH_sampling_surface_v1\\output\Release\fluid_system.obj
         D:\SPH_sampling_surface_v1\\output\Release\main.obj
         正在生成代码
         已完成代码的生成
     1>tinyXML_2010.lib(tinyxml.obj) : warning LNK4204: “D:\SPH_sampling_surface_v1\vc100.pdb”缺少引用模块的调试信息；正在链接对象，如同没有调试信息一样
     1>tinyXML_2010.lib(tinyxmlparser.obj) : warning LNK4204: “D:\SPH_sampling_surface_v1\vc100.pdb”缺少引用模块的调试信息；正在链接对象，如同没有调试信息一样
     1>tinyXML_2010.lib(tinyxmlerror.obj) : warning LNK4204: “D:\SPH_sampling_surface_v1\vc100.pdb”缺少引用模块的调试信息；正在链接对象，如同没有调试信息一样
         fluids_v3.vcxproj -> D:\SPH_sampling_surface_v1\SPH_sampling.exe
       Manifest:
         C:\Program Files\Microsoft SDKs\Windows\v7.0A\bin\mt.exe /nologo /verbose /outputresource:"D:\SPH_sampling_surface_v1\SPH_sampling.exe;#1" /manifest D:\SPH_sampling_surface_v1\\output\Release\SPH_sampling.exe.intermediate.manifest
       FinalizeBuildStatus:
         正在删除文件“D:\SPH_sampling_surface_v1\\output\Release\SPH_sampling.unsuccessfulbuild”。
         正在对“D:\SPH_sampling_surface_v1\\output\Release\SPH_sampling.lastbuildstate”执行 Touch 任务。
     1>已完成生成项目“D:\SPH_sampling_surface_v1\fluids_v3.vcxproj”(build 个目标)的操作。

生成成功。

已用时间 00:00:33.03
