D:\SPH_SAMPLING_SURFACE_V1\OUTPUT\RELEASE\APP_PERF.OBJ
D:\SPH_SAMPLING_SURFACE_V1\OUTPUT\RELEASE\APP_UTIL.OBJ
D:\SPH_sampling_surface_v1\output\Release\cl.command.1.tlog
D:\SPH_sampling_surface_v1\output\Release\CL.read.1.tlog
D:\SPH_sampling_surface_v1\output\Release\CL.write.1.tlog
D:\SPH_sampling_surface_v1\output\Release\custombuild.command.1.tlog
D:\SPH_sampling_surface_v1\output\Release\custombuild.read.1.tlog
D:\SPH_sampling_surface_v1\output\Release\custombuild.write.1.tlog
D:\SPH_SAMPLING_SURFACE_V1\OUTPUT\RELEASE\FLUID_SYSTEM.OBJ
D:\SPH_sampling_surface_v1\output\Release\fluids_v3.vcxprojResolveAssemblyReference.cache
D:\SPH_SAMPLING_SURFACE_V1\OUTPUT\RELEASE\GLEW.OBJ
D:\SPH_sampling_surface_v1\output\Release\link.command.1.tlog
D:\SPH_sampling_surface_v1\output\Release\link.read.1.tlog
D:\SPH_sampling_surface_v1\output\Release\link.write.1.tlog
D:\SPH_SAMPLING_SURFACE_V1\OUTPUT\RELEASE\MAIN.OBJ
D:\SPH_sampling_surface_v1\output\Release\mt.command.1.tlog
D:\SPH_sampling_surface_v1\output\Release\mt.read.1.tlog
D:\SPH_sampling_surface_v1\output\Release\mt.write.1.tlog
D:\SPH_SAMPLING_SURFACE_V1\OUTPUT\RELEASE\SPH_SAMPLING.EXE.INTERMEDIATE.MANIFEST
D:\SPH_sampling_surface_v1\output\Release\SPH_sampling.write.1.tlog
D:\SPH_SAMPLING_SURFACE_V1\OUTPUT\RELEASE\VC100.PDB
D:\SPH_SAMPLING_SURFACE_V1\OUTPUT\RELEASE\XML_SETTINGS.OBJ
D:\SPH_SAMPLING_SURFACE_V1\RELEASE\FLUID_SYSTEM_HOST.OBJ
D:\SPH_SAMPLING_SURFACE_V1\RELEASE\FLUID_SYSTEM_KERN.OBJ
D:\SPH_SAMPLING_SURFACE_V1\SPH_SAMPLING.EXE
D:\SPH_SAMPLING_SURFACE_V1\SPH_SAMPLING.PDB
